<?xml version="1.0" encoding="UTF-8"?>
<!-- Generated by org.testng.reporters.JUnitXMLReporter -->
<testsuite hostname="Manjunath-Rajeev" ignored="0" name="Command line test" tests="5" failures="0" timestamp="16 Nov 2017 10:26:51 GMT" time="0.073" errors="0">
  <testcase name="@BeforeClass launchBrowser" time="0.0" classname="com.cbt.generic.Browsers">
    <failure type="org.testng.TestNGException" message="
Parameter &amp;apos;browser&amp;apos; is required by BeforeClass on method launchBrowser but has not been marked @Optional or defined
">
      <![CDATA[org.testng.TestNGException: 
Parameter 'browser' is required by BeforeClass on method launchBrowser but has not been marked @Optional or defined

... Removed 32 stack frames]]>
    </failure>
  </testcase> <!-- @BeforeClass launchBrowser -->
  <testcase name="@BeforeClass launchBrowser" time="0.0" classname="com.cbt.generic.Browsers">
    <skipped/>
  </testcase> <!-- @BeforeClass launchBrowser -->
  <testcase name="@AfterClass closeBrowser" time="0.0" classname="com.cbt.generic.Browsers">
    <skipped/>
  </testcase> <!-- @AfterClass closeBrowser -->
  <testcase name="@BeforeClass launchBrowser" time="0.0" classname="com.cbt.generic.Browsers">
    <skipped/>
  </testcase> <!-- @BeforeClass launchBrowser -->
  <testcase name="@AfterClass closeBrowser" time="0.0" classname="com.cbt.generic.Browsers">
    <skipped/>
  </testcase> <!-- @AfterClass closeBrowser -->
  <testcase name="@AfterClass closeBrowser" time="0.0" classname="com.cbt.generic.Browsers">
    <skipped/>
  </testcase> <!-- @AfterClass closeBrowser -->
  <testcase name="selectCity" time="0.011" classname="com.cbt.script.LoginPageTest">
    <skipped/>
  </testcase> <!-- selectCity -->
  <testcase name="men" time="0.0" classname="com.cbt.script.MenCategoryTest">
    <skipped/>
  </testcase> <!-- men -->
  <testcase name="women" time="0.001" classname="com.cbt.script.WomenCategoryTest">
    <skipped/>
  </testcase> <!-- women -->
  <testcase name="login" time="0.001" classname="com.cbt.script.LoginPageTest">
    <skipped/>
  </testcase> <!-- login -->
  <testcase name="logout" time="0.0" classname="com.cbt.script.LoginPageTest">
    <skipped/>
  </testcase> <!-- logout -->
</testsuite> <!-- Command line test -->
