<!DOCTYPE html PUBLIC "-//W3C//DTD XHTML 1.1//EN" "http://www.w3.org/TR/xhtml11/DTD/xhtml11.dtd">
<html xmlns="http://www.w3.org/1999/xhtml"><head><title>TestNG Report</title><style type="text/css">table {margin-bottom:10px;border-collapse:collapse;empty-cells:show}th,td {border:1px solid #009;padding:.25em .5em}th {vertical-align:bottom}td {vertical-align:top}table a {font-weight:bold}.stripe td {background-color: #E6EBF9}.num {text-align:right}.passedodd td {background-color: #3F3}.passedeven td {background-color: #0A0}.skippedodd td {background-color: #DDD}.skippedeven td {background-color: #CCC}.failedodd td,.attn {background-color: #F33}.failedeven td,.stripe .attn {background-color: #D00}.stacktrace {white-space:pre;font-family:monospace}.totop {font-size:85%;text-align:center;border-bottom:2px solid #000}</style></head><body><table><tr><th>Test</th><th># Passed</th><th># Skipped</th><th># Failed</th><th>Time (ms)</th><th>Included Groups</th><th>Excluded Groups</th></tr><tr><th colspan="7">Command line suite</th></tr><tr><td><a href="#t0">Command line test</a></td><td class="num">0</td><td class="num attn">5</td><td class="num">0</td><td class="num">73</td><td></td><td></td></tr></table><table><thead><tr><th>Class</th><th>Method</th><th>Start</th><th>Time (ms)</th></tr></thead><tbody><tr><th colspan="4">Command line suite</th></tr></tbody><tbody id="t0"><tr><th colspan="4">Command line test &#8212; failed (configuration methods)</th></tr><tr class="failedeven"><td rowspan="1">com.cbt.script.LoginPageTest</td><td><a href="#m0">launchBrowser</a></td><td rowspan="1">1510828011411</td><td rowspan="1">0</td></tr><tr><th colspan="4">Command line test &#8212; skipped (configuration methods)</th></tr><tr class="skippedeven"><td rowspan="1">com.cbt.script.LoginPageTest</td><td><a href="#m1">closeBrowser</a></td><td rowspan="1">1510828011466</td><td rowspan="1">0</td></tr><tr class="skippedodd"><td rowspan="2">com.cbt.script.MenCategoryTest</td><td><a href="#m2">closeBrowser</a></td><td rowspan="1">1510828011458</td><td rowspan="1">0</td></tr><tr class="skippedodd"><td><a href="#m3">launchBrowser</a></td><td rowspan="1">1510828011456</td><td rowspan="1">0</td></tr><tr class="skippedeven"><td rowspan="2">com.cbt.script.WomenCategoryTest</td><td><a href="#m4">closeBrowser</a></td><td rowspan="1">1510828011460</td><td rowspan="1">0</td></tr><tr class="skippedeven"><td><a href="#m5">launchBrowser</a></td><td rowspan="1">1510828011458</td><td rowspan="1">0</td></tr><tr><th colspan="4">Command line test &#8212; skipped</th></tr><tr class="skippedeven"><td rowspan="3">com.cbt.script.LoginPageTest</td><td><a href="#m6">login</a></td><td rowspan="1">1510828011463</td><td rowspan="1">1</td></tr><tr class="skippedeven"><td><a href="#m7">logout</a></td><td rowspan="1">1510828011465</td><td rowspan="1">0</td></tr><tr class="skippedeven"><td><a href="#m8">selectCity</a></td><td rowspan="1">1510828011444</td><td rowspan="1">11</td></tr><tr class="skippedodd"><td rowspan="1">com.cbt.script.MenCategoryTest</td><td><a href="#m9">men</a></td><td rowspan="1">1510828011457</td><td rowspan="1">0</td></tr><tr class="skippedeven"><td rowspan="1">com.cbt.script.WomenCategoryTest</td><td><a href="#m10">women</a></td><td rowspan="1">1510828011459</td><td rowspan="1">1</td></tr></tbody></table><h2>Command line test</h2><h3 id="m0">com.cbt.script.LoginPageTest#launchBrowser</h3><table class="result"><tr><th>Exception</th></tr><tr><td><div class="stacktrace">org.testng.TestNGException: 
Parameter &apos;browser&apos; is required by BeforeClass on method launchBrowser but has not been marked @Optional or defined

... Removed 32 stack frames</div></td></tr></table><p class="totop"><a href="#summary">back to summary</a></p><h3 id="m1">com.cbt.script.LoginPageTest#closeBrowser</h3><table class="result"></table><p class="totop"><a href="#summary">back to summary</a></p><h3 id="m2">com.cbt.script.MenCategoryTest#closeBrowser</h3><table class="result"></table><p class="totop"><a href="#summary">back to summary</a></p><h3 id="m3">com.cbt.script.MenCategoryTest#launchBrowser</h3><table class="result"></table><p class="totop"><a href="#summary">back to summary</a></p><h3 id="m4">com.cbt.script.WomenCategoryTest#closeBrowser</h3><table class="result"></table><p class="totop"><a href="#summary">back to summary</a></p><h3 id="m5">com.cbt.script.WomenCategoryTest#launchBrowser</h3><table class="result"></table><p class="totop"><a href="#summary">back to summary</a></p><h3 id="m6">com.cbt.script.LoginPageTest#login</h3><table class="result"><tr><th>Exception</th></tr><tr><td><div class="stacktrace">org.testng.TestNGException: 
Parameter &apos;browser&apos; is required by BeforeClass on method launchBrowser but has not been marked @Optional or defined

... Removed 32 stack frames</div></td></tr></table><p class="totop"><a href="#summary">back to summary</a></p><h3 id="m7">com.cbt.script.LoginPageTest#logout</h3><table class="result"><tr><th>Exception</th></tr><tr><td><div class="stacktrace">org.testng.TestNGException: 
Parameter &apos;browser&apos; is required by BeforeClass on method launchBrowser but has not been marked @Optional or defined

... Removed 32 stack frames</div></td></tr></table><p class="totop"><a href="#summary">back to summary</a></p><h3 id="m8">com.cbt.script.LoginPageTest#selectCity</h3><table class="result"><tr><th>Exception</th></tr><tr><td><div class="stacktrace">org.testng.TestNGException: 
Parameter &apos;browser&apos; is required by BeforeClass on method launchBrowser but has not been marked @Optional or defined

... Removed 32 stack frames</div></td></tr></table><p class="totop"><a href="#summary">back to summary</a></p><h3 id="m9">com.cbt.script.MenCategoryTest#men</h3><table class="result"><tr><th>Exception</th></tr><tr><td><div class="stacktrace">org.testng.TestNGException: 
Parameter &apos;browser&apos; is required by BeforeClass on method launchBrowser but has not been marked @Optional or defined

... Removed 32 stack frames</div></td></tr></table><p class="totop"><a href="#summary">back to summary</a></p><h3 id="m10">com.cbt.script.WomenCategoryTest#women</h3><table class="result"><tr><th>Exception</th></tr><tr><td><div class="stacktrace">org.testng.TestNGException: 
Parameter &apos;browser&apos; is required by BeforeClass on method launchBrowser but has not been marked @Optional or defined

... Removed 32 stack frames</div></td></tr></table><p class="totop"><a href="#summary">back to summary</a></p></body></html>